[32m01/07 13:29:51.081[0m: [[33mamf[0m] [1;32mINFO[0m: [Added] Number of gNB-UEs is now 2 (../src/amf/context.c:2556)
[32m01/07 13:29:51.081[0m: [[33mamf[0m] [1;32mINFO[0m:     RAN_UE_NGAP_ID[8] AMF_UE_NGAP_ID[8] TAC[1] CellID[0x10] (../src/amf/ngap-handler.c:562)
[32m01/07 13:29:51.081[0m: [[33mamf[0m] [1;32mINFO[0m: [suci-0-999-17-0000-0-0-0000000020] known UE by SUCI (../src/amf/context.c:1837)
[32m01/07 13:29:51.081[0m: [[33mamf[0m] [1;36mWARNING[0m: [suci-0-999-17-0000-0-0-0000000020] Holding NG Context (../src/amf/amf-sm.c:948)
[32m01/07 13:29:51.081[0m: [[33mamf[0m] [1;36mWARNING[0m: [suci-0-999-17-0000-0-0-0000000020]    RAN_UE_NGAP_ID[7] AMF_UE_NGAP_ID[7] (../src/amf/amf-sm.c:948)
[32m01/07 13:29:51.081[0m: [[33mgmm[0m] [1;32mINFO[0m: Registration request (../src/amf/gmm-sm.c:1165)
[32m01/07 13:29:51.081[0m: [[33mgmm[0m] [1;32mINFO[0m: [suci-0-999-17-0000-0-0-0000000020]    SUCI (../src/amf/gmm-handler.c:172)
[32m01/07 13:29:51.087[0m: [[33mamf[0m] [1;32mINFO[0m: [imsi-999170000000020:1] Release SM context [204] (../src/amf/amf-sm.c:488)
[32m01/07 13:29:51.087[0m: [[33mamf[0m] [1;32mINFO[0m: [imsi-999170000000020:1] Release SM Context [state:31] (../src/amf/nsmf-handler.c:1082)
[32m01/07 13:29:51.087[0m: [[33mamf[0m] [1;32mINFO[0m: [Removed] Number of AMF-Sessions is now 0 (../src/amf/context.c:2584)
[32m01/07 13:29:51.096[0m: [[33mgmm[0m] [1;36mWARNING[0m: [suci-0-999-17-0000-0-0-0000000020] Clear NG Context (../src/amf/gmm-sm.c:1883)
[32m01/07 13:29:51.096[0m: [[33mgmm[0m] [1;36mWARNING[0m: [suci-0-999-17-0000-0-0-0000000020]    RAN_UE_NGAP_ID[7] AMF_UE_NGAP_ID[7] (../src/amf/gmm-sm.c:1883)
[32m01/07 13:29:51.096[0m: [[33mamf[0m] [1;32mINFO[0m: UE Context Release [Action:1] (../src/amf/ngap-handler.c:1696)
[32m01/07 13:29:51.096[0m: [[33mamf[0m] [1;32mINFO[0m:     RAN_UE_NGAP_ID[7] AMF_UE_NGAP_ID[7] (../src/amf/ngap-handler.c:1697)
[32m01/07 13:29:51.096[0m: [[33mamf[0m] [1;32mINFO[0m: [Removed] Number of gNB-UEs is now 1 (../src/amf/context.c:2563)
[32m01/07 13:29:51.306[0m: [[33mgmm[0m] [1;32mINFO[0m: [imsi-999170000000020] Registration complete (../src/amf/gmm-sm.c:2202)
[32m01/07 13:29:51.306[0m: [[33mamf[0m] [1;32mINFO[0m: [imsi-999170000000020] Configuration update command (../src/amf/nas-path.c:596)
[32m01/07 13:29:51.306[0m: [[33mgmm[0m] [1;32mINFO[0m:     UTC [2025-01-07T13:29:51] Timezone[0]/DST[0] (../src/amf/gmm-build.c:558)
[32m01/07 13:29:51.306[0m: [[33mgmm[0m] [1;32mINFO[0m:     LOCAL [2025-01-07T13:29:51] Timezone[0]/DST[0] (../src/amf/gmm-build.c:563)
[32m01/07 13:29:51.307[0m: [[33mamf[0m] [1;32mINFO[0m: [Added] Number of AMF-Sessions is now 1 (../src/amf/context.c:2577)
[32m01/07 13:29:51.307[0m: [[33mgmm[0m] [1;32mINFO[0m: UE SUPI[imsi-999170000000020] DNN[internet] S_NSSAI[SST:1 SD:0xffffff] smContextRef [NULL] (../src/amf/gmm-handler.c:1271)
[32m01/07 13:29:51.307[0m: [[33mgmm[0m] [1;32mINFO[0m: SMF Instance [2d967730-cce5-41ef-ba33-d9a21fe45964] (../src/amf/gmm-handler.c:1310)
[32m01/07 13:29:51.324[0m: [[33mamf[0m] [1;32mINFO[0m: [imsi-999170000000020:1:11][0:0:NULL] /nsmf-pdusession/v1/sm-contexts/{smContextRef}/modify (../src/amf/nsmf-handler.c:867)
[32m01/07 13:30:26.176[0m: [[33mamf[0m] [1;32mINFO[0m: InitialUEMessage (../src/amf/ngap-handler.c:401)
[32m01/07 13:30:26.176[0m: [[33mamf[0m] [1;32mINFO[0m: [Added] Number of gNB-UEs is now 2 (../src/amf/context.c:2556)
[32m01/07 13:30:26.176[0m: [[33mamf[0m] [1;32mINFO[0m:     RAN_UE_NGAP_ID[9] AMF_UE_NGAP_ID[9] TAC[1] CellID[0x10] (../src/amf/ngap-handler.c:562)
[32m01/07 13:30:26.176[0m: [[33mamf[0m] [1;32mINFO[0m: [suci-0-999-17-0000-0-0-0000000020] known UE by SUCI (../src/amf/context.c:1837)
[32m01/07 13:30:26.176[0m: [[33mamf[0m] [1;36mWARNING[0m: [suci-0-999-17-0000-0-0-0000000020] Holding NG Context (../src/amf/amf-sm.c:948)
[32m01/07 13:30:26.176[0m: [[33mamf[0m] [1;36mWARNING[0m: [suci-0-999-17-0000-0-0-0000000020]    RAN_UE_NGAP_ID[8] AMF_UE_NGAP_ID[8] (../src/amf/amf-sm.c:948)
[32m01/07 13:30:26.176[0m: [[33mgmm[0m] [1;32mINFO[0m: Registration request (../src/amf/gmm-sm.c:1165)
[32m01/07 13:30:26.176[0m: [[33mgmm[0m] [1;32mINFO[0m: [suci-0-999-17-0000-0-0-0000000020]    SUCI (../src/amf/gmm-handler.c:172)
[32m01/07 13:30:26.181[0m: [[33mamf[0m] [1;32mINFO[0m: [imsi-999170000000020:1] Release SM context [204] (../src/amf/amf-sm.c:488)
[32m01/07 13:30:26.181[0m: [[33mamf[0m] [1;32mINFO[0m: [imsi-999170000000020:1] Release SM Context [state:31] (../src/amf/nsmf-handler.c:1082)
[32m01/07 13:30:26.181[0m: [[33mamf[0m] [1;32mINFO[0m: [Removed] Number of AMF-Sessions is now 0 (../src/amf/context.c:2584)
[32m01/07 13:30:26.190[0m: [[33mgmm[0m] [1;36mWARNING[0m: [suci-0-999-17-0000-0-0-0000000020] Clear NG Context (../src/amf/gmm-sm.c:1883)
[32m01/07 13:30:26.190[0m: [[33mgmm[0m] [1;36mWARNING[0m: [suci-0-999-17-0000-0-0-0000000020]    RAN_UE_NGAP_ID[8] AMF_UE_NGAP_ID[8] (../src/amf/gmm-sm.c:1883)
[32m01/07 13:30:26.191[0m: [[33mamf[0m] [1;32mINFO[0m: UE Context Release [Action:1] (../src/amf/ngap-handler.c:1696)
[32m01/07 13:30:26.191[0m: [[33mamf[0m] [1;32mINFO[0m:     RAN_UE_NGAP_ID[8] AMF_UE_NGAP_ID[8] (../src/amf/ngap-handler.c:1697)
[32m01/07 13:30:26.191[0m: [[33mamf[0m] [1;32mINFO[0m: [Removed] Number of gNB-UEs is now 1 (../src/amf/context.c:2563)
[32m01/07 13:30:26.402[0m: [[33mgmm[0m] [1;32mINFO[0m: [imsi-999170000000020] Registration complete (../src/amf/gmm-sm.c:2202)
[32m01/07 13:30:26.402[0m: [[33mamf[0m] [1;32mINFO[0m: [imsi-999170000000020] Configuration update command (../src/amf/nas-path.c:596)
[32m01/07 13:30:26.402[0m: [[33mgmm[0m] [1;32mINFO[0m:     UTC [2025-01-07T13:30:26] Timezone[0]/DST[0] (../src/amf/gmm-build.c:558)
[32m01/07 13:30:26.402[0m: [[33mgmm[0m] [1;32mINFO[0m:     LOCAL [2025-01-07T13:30:26] Timezone[0]/DST[0] (../src/amf/gmm-build.c:563)
[32m01/07 13:30:26.403[0m: [[33mamf[0m] [1;32mINFO[0m: [Added] Number of AMF-Sessions is now 1 (../src/amf/context.c:2577)
[32m01/07 13:30:26.403[0m: [[33mgmm[0m] [1;32mINFO[0m: UE SUPI[imsi-999170000000020] DNN[internet] S_NSSAI[SST:1 SD:0xffffff] smContextRef [NULL] (../src/amf/gmm-handler.c:1271)
[32m01/07 13:30:26.403[0m: [[33mgmm[0m] [1;32mINFO[0m: SMF Instance [2d967730-cce5-41ef-ba33-d9a21fe45964] (../src/amf/gmm-handler.c:1310)
[32m01/07 13:30:26.421[0m: [[33mamf[0m] [1;32mINFO[0m: [imsi-999170000000020:1:11][0:0:NULL] /nsmf-pdusession/v1/sm-contexts/{smContextRef}/modify (../src/amf/nsmf-handler.c:867)
[32m01/07 13:35:13.965[0m: [[33mamf[0m] [1;32mINFO[0m: gNB-N2[10.252.252.3] connection refused!!! (../src/amf/amf-sm.c:789)
[32m01/07 13:35:13.965[0m: [[33mamf[0m] [1;32mINFO[0m: [Removed] Number of gNBs is now 1 (../src/amf/context.c:1262)
[32m01/07 13:35:13.968[0m: [[33mamf[0m] [1;32mINFO[0m: [Removed] Number of gNB-UEs is now 0 (../src/amf/context.c:2563)
[32m01/07 13:35:13.968[0m: [[33mamf[0m] [1;32mINFO[0m: [imsi-999170000000020:1:51][0:0:NULL] /nsmf-pdusession/v1/sm-contexts/{smContextRef}/modify (../src/amf/nsmf-handler.c:867)
[32m01/07 13:35:16.410[0m: [[33mamf[0m] [1;32mINFO[0m: gNB-N2 accepted[10.252.252.3]:60171 in ng-path module (../src/amf/ngap-sctp.c:113)
[32m01/07 13:35:16.410[0m: [[33mamf[0m] [1;32mINFO[0m: gNB-N2 accepted[10.252.252.3] in master_sm module (../src/amf/amf-sm.c:737)
[32m01/07 13:35:16.425[0m: [[33mamf[0m] [1;32mINFO[0m: [Added] Number of gNBs is now 2 (../src/amf/context.c:1235)
[32m01/07 13:35:16.425[0m: [[33mamf[0m] [1;32mINFO[0m: gNB-N2[10.252.252.3] max_num_of_ostreams : 10 (../src/amf/amf-sm.c:776)
[32m01/07 13:35:18.987[0m: [[33mamf[0m] [1;32mINFO[0m: InitialUEMessage (../src/amf/ngap-handler.c:401)
[32m01/07 13:35:18.987[0m: [[33mamf[0m] [1;32mINFO[0m: [Added] Number of gNB-UEs is now 1 (../src/amf/context.c:2556)
[32m01/07 13:35:18.987[0m: [[33mamf[0m] [1;32mINFO[0m:     RAN_UE_NGAP_ID[1] AMF_UE_NGAP_ID[10] TAC[1] CellID[0x10] (../src/amf/ngap-handler.c:562)
[32m01/07 13:35:18.987[0m: [[33mamf[0m] [1;32mINFO[0m: [suci-0-999-17-0000-0-0-0000000020] known UE by SUCI (../src/amf/context.c:1837)
[32m01/07 13:35:18.987[0m: [[33mgmm[0m] [1;32mINFO[0m: Registration request (../src/amf/gmm-sm.c:1165)
[32m01/07 13:35:18.987[0m: [[33mgmm[0m] [1;32mINFO[0m: [suci-0-999-17-0000-0-0-0000000020]    SUCI (../src/amf/gmm-handler.c:172)
[32m01/07 13:35:18.995[0m: [[33mamf[0m] [1;32mINFO[0m: [imsi-999170000000020:1] Release SM context [204] (../src/amf/amf-sm.c:488)
[32m01/07 13:35:18.995[0m: [[33mamf[0m] [1;32mINFO[0m: [imsi-999170000000020:1] Release SM Context [state:31] (../src/amf/nsmf-handler.c:1082)
[32m01/07 13:35:18.995[0m: [[33mamf[0m] [1;32mINFO[0m: [Removed] Number of AMF-Sessions is now 0 (../src/amf/context.c:2584)
[32m01/07 13:35:19.222[0m: [[33mgmm[0m] [1;32mINFO[0m: [imsi-999170000000020] Registration complete (../src/amf/gmm-sm.c:2202)
[32m01/07 13:35:19.222[0m: [[33mamf[0m] [1;32mINFO[0m: [imsi-999170000000020] Configuration update command (../src/amf/nas-path.c:596)
[32m01/07 13:35:19.222[0m: [[33mgmm[0m] [1;32mINFO[0m:     UTC [2025-01-07T13:35:19] Timezone[0]/DST[0] (../src/amf/gmm-build.c:558)
[32m01/07 13:35:19.222[0m: [[33mgmm[0m] [1;32mINFO[0m:     LOCAL [2025-01-07T13:35:19] Timezone[0]/DST[0] (../src/amf/gmm-build.c:563)
[32m01/07 13:35:19.223[0m: [[33mamf[0m] [1;32mINFO[0m: [Added] Number of AMF-Sessions is now 1 (../src/amf/context.c:2577)
[32m01/07 13:35:19.223[0m: [[33mgmm[0m] [1;32mINFO[0m: UE SUPI[imsi-999170000000020] DNN[internet] S_NSSAI[SST:1 SD:0xffffff] smContextRef [NULL] (../src/amf/gmm-handler.c:1271)
[32m01/07 13:35:19.223[0m: [[33mgmm[0m] [1;32mINFO[0m: SMF Instance [2d967730-cce5-41ef-ba33-d9a21fe45964] (../src/amf/gmm-handler.c:1310)
[32m01/07 13:35:19.248[0m: [[33mamf[0m] [1;32mINFO[0m: [imsi-999170000000020:1:11][0:0:NULL] /nsmf-pdusession/v1/sm-contexts/{smContextRef}/modify (../src/amf/nsmf-handler.c:867)
[32m01/07 13:35:24.033[0m: [[33mamf[0m] [1;32mINFO[0m: InitialUEMessage (../src/amf/ngap-handler.c:401)
[32m01/07 13:35:24.033[0m: [[33mamf[0m] [1;32mINFO[0m: [Added] Number of gNB-UEs is now 2 (../src/amf/context.c:2556)
[32m01/07 13:35:24.033[0m: [[33mamf[0m] [1;32mINFO[0m:     RAN_UE_NGAP_ID[2] AMF_UE_NGAP_ID[11] TAC[1] CellID[0x10] (../src/amf/ngap-handler.c:562)
[32m01/07 13:35:24.033[0m: [[33mamf[0m] [1;32mINFO[0m: [suci-0-999-17-0000-0-0-0000000020] known UE by SUCI (../src/amf/context.c:1837)
[32m01/07 13:35:24.033[0m: [[33mamf[0m] [1;36mWARNING[0m: [suci-0-999-17-0000-0-0-0000000020] Holding NG Context (../src/amf/amf-sm.c:948)
[32m01/07 13:35:24.033[0m: [[33mamf[0m] [1;36mWARNING[0m: [suci-0-999-17-0000-0-0-0000000020]    RAN_UE_NGAP_ID[1] AMF_UE_NGAP_ID[10] (../src/amf/amf-sm.c:948)
[32m01/07 13:35:24.033[0m: [[33mgmm[0m] [1;32mINFO[0m: Registration request (../src/amf/gmm-sm.c:1165)
[32m01/07 13:35:24.033[0m: [[33mgmm[0m] [1;32mINFO[0m: [suci-0-999-17-0000-0-0-0000000020]    SUCI (../src/amf/gmm-handler.c:172)
[32m01/07 13:35:24.039[0m: [[33mamf[0m] [1;32mINFO[0m: [imsi-999170000000020:1] Release SM context [204] (../src/amf/amf-sm.c:488)
[32m01/07 13:35:24.039[0m: [[33mamf[0m] [1;32mINFO[0m: [imsi-999170000000020:1] Release SM Context [state:31] (../src/amf/nsmf-handler.c:1082)
[32m01/07 13:35:24.039[0m: [[33mamf[0m] [1;32mINFO[0m: [Removed] Number of AMF-Sessions is now 0 (../src/amf/context.c:2584)
[32m01/07 13:35:24.050[0m: [[33mgmm[0m] [1;36mWARNING[0m: [suci-0-999-17-0000-0-0-0000000020] Clear NG Context (../src/amf/gmm-sm.c:1883)
[32m01/07 13:35:24.050[0m: [[33mgmm[0m] [1;36mWARNING[0m: [suci-0-999-17-0000-0-0-0000000020]    RAN_UE_NGAP_ID[1] AMF_UE_NGAP_ID[10] (../src/amf/gmm-sm.c:1883)
[32m01/07 13:35:24.050[0m: [[33mamf[0m] [1;32mINFO[0m: UE Context Release [Action:1] (../src/amf/ngap-handler.c:1696)
[32m01/07 13:35:24.050[0m: [[33mamf[0m] [1;32mINFO[0m:     RAN_UE_NGAP_ID[1] AMF_UE_NGAP_ID[10] (../src/amf/ngap-handler.c:1697)
[32m01/07 13:35:24.050[0m: [[33mamf[0m] [1;32mINFO[0m: [Removed] Number of gNB-UEs is now 1 (../src/amf/context.c:2563)
[32m01/07 13:35:24.263[0m: [[33mgmm[0m] [1;32mINFO[0m: [imsi-999170000000020] Registration complete (../src/amf/gmm-sm.c:2202)
[32m01/07 13:35:24.263[0m: [[33mamf[0m] [1;32mINFO[0m: [imsi-999170000000020] Configuration update command (../src/amf/nas-path.c:596)
[32m01/07 13:35:24.263[0m: [[33mgmm[0m] [1;32mINFO[0m:     UTC [2025-01-07T13:35:24] Timezone[0]/DST[0] (../src/amf/gmm-build.c:558)
[32m01/07 13:35:24.263[0m: [[33mgmm[0m] [1;32mINFO[0m:     LOCAL [2025-01-07T13:35:24] Timezone[0]/DST[0] (../src/amf/gmm-build.c:563)
[32m01/07 13:35:24.263[0m: [[33mamf[0m] [1;32mINFO[0m: [Added] Number of AMF-Sessions is now 1 (../src/amf/context.c:2577)
[32m01/07 13:35:24.263[0m: [[33mgmm[0m] [1;32mINFO[0m: UE SUPI[imsi-999170000000020] DNN[internet] S_NSSAI[SST:1 SD:0xffffff] smContextRef [NULL] (../src/amf/gmm-handler.c:1271)
[32m01/07 13:35:24.263[0m: [[33mgmm[0m] [1;32mINFO[0m: SMF Instance [2d967730-cce5-41ef-ba33-d9a21fe45964] (../src/amf/gmm-handler.c:1310)
[32m01/07 13:35:24.284[0m: [[33mamf[0m] [1;32mINFO[0m: [imsi-999170000000020:1:11][0:0:NULL] /nsmf-pdusession/v1/sm-contexts/{smContextRef}/modify (../src/amf/nsmf-handler.c:867)
[32m01/07 13:35:27.649[0m: [[33mamf[0m] [1;32mINFO[0m: gNB-N2[10.252.252.3] connection refused!!! (../src/amf/amf-sm.c:789)
[32m01/07 13:35:27.649[0m: [[33mamf[0m] [1;32mINFO[0m: [Removed] Number of gNBs is now 1 (../src/amf/context.c:1262)
[32m01/07 13:35:27.651[0m: [[33mamf[0m] [1;32mINFO[0m: [Removed] Number of gNB-UEs is now 0 (../src/amf/context.c:2563)
[32m01/07 13:35:27.651[0m: [[33mamf[0m] [1;32mINFO[0m: [imsi-999170000000020:1:51][0:0:NULL] /nsmf-pdusession/v1/sm-contexts/{smContextRef}/modify (../src/amf/nsmf-handler.c:867)
